<?xml version="1.0" encoding="UTF-8"?>
<!-- Generated by org.testng.reporters.JUnitXMLReporter -->
<testsuite ignored="0" hostname="DESKTOP-CCUD8MA" failures="1" tests="1" name="Default test" time="24.283" errors="0" timestamp="2023-09-15T17:25:15 IST">
  <testcase classname="io.cucumber.testng.AbstractTestNGCucumberTests" name="runScenario" time="20.56">
    <failure type="java.io.FileNotFoundException" message="C:\Users\User\Desktop\Myscreenshots1694778912501.png\screenshot.png (The system cannot find the path specified)">
      <![CDATA[java.io.FileNotFoundException: C:\Users\User\Desktop\Myscreenshots1694778912501.png\screenshot.png (The system cannot find the path specified)
at java.base/java.io.FileOutputStream.open0(Native Method)
at java.base/java.io.FileOutputStream.open(FileOutputStream.java:293)
at java.base/java.io.FileOutputStream.<init>(FileOutputStream.java:235)
at java.base/java.io.FileOutputStream.<init>(FileOutputStream.java:184)
at in.Bank.TestSteps.stepdefination.captureScreenshotAndFail(stepdefination.java:79)
at in.Bank.TestSteps.stepdefination.click_submit_to_visa_successfully(stepdefination.java:60)
at âœ½.click Submit to VISA successfully.(file:///C:/Users/User/eclipse-workspace/Bank/features/bank.feature:7)
]]>
    </failure>
  </testcase> <!-- runScenario -->
</testsuite> <!-- Default test -->
