<?xml version="1.0" encoding="UTF-8"?>
<!-- Generated by org.testng.reporters.JUnitReportReporter -->
<testsuite hostname="DESKTOP-CCUD8MA" failures="0" tests="1" name="in.Bank.TestSteps.TestRunner" time="20.560" errors="1" timestamp="2023-09-15T17:25:16 IST" skipped="0">
  <testcase classname="in.Bank.TestSteps.TestRunner" name="runScenario" time="20.560">
    <error message="C:\Users\User\Desktop\Myscreenshots1694778912501.png\screenshot.png (The system cannot find the path specified)" type="java.io.FileNotFoundException">
      <![CDATA[java.io.FileNotFoundException: C:\Users\User\Desktop\Myscreenshots1694778912501.png\screenshot.png (The system cannot find the path specified)
at java.base/java.io.FileOutputStream.open0(Native Method)
at java.base/java.io.FileOutputStream.open(FileOutputStream.java:293)
at java.base/java.io.FileOutputStream.<init>(FileOutputStream.java:235)
at java.base/java.io.FileOutputStream.<init>(FileOutputStream.java:184)
at in.Bank.TestSteps.stepdefination.captureScreenshotAndFail(stepdefination.java:79)
at in.Bank.TestSteps.stepdefination.click_submit_to_visa_successfully(stepdefination.java:60)
at âœ½.click Submit to VISA successfully.(file:///C:/Users/User/eclipse-workspace/Bank/features/bank.feature:7)
]]>
    </error>
  </testcase> <!-- runScenario -->
  <system-out/>
</testsuite> <!-- in.Bank.TestSteps.TestRunner -->
